{
  "0 debug pnpm:scope": {
    "selected": 1,
    "workspacePrefix": "C:\\code\\2022\\vue-plus"
  },
  "1 error pnpm": {
    "errno": 1,
    "code": "ELIFECYCLE",
    "pkgid": "vue-plus@0.0.0",
    "stage": "build",
    "script": "pnpm --dir packages/element-plus build",
    "pkgname": "vue-plus",
    "err": {
      "name": "pnpm",
      "message": "vue-plus@0.0.0 build: `pnpm --dir packages/element-plus build`\nExit status 1",
      "code": "ELIFECYCLE",
      "stack": "pnpm: vue-plus@0.0.0 build: `pnpm --dir packages/element-plus build`\nExit status 1\n    at EventEmitter.<anonymous> (C:\\Users\\minghe\\.node\\corepack\\pnpm\\6.21.1\\dist\\pnpm.cjs:103390:20)\n    at EventEmitter.emit (node:events:390:28)\n    at ChildProcess.<anonymous> (C:\\Users\\minghe\\.node\\corepack\\pnpm\\6.21.1\\dist\\pnpm.cjs:91330:18)\n    at ChildProcess.emit (node:events:390:28)\n    at maybeClose (node:internal/child_process:1064:16)\n    at Process.ChildProcess._handle.onexit (node:internal/child_process:301:5)"
    }
  }
}